<?xml version="1.0" encoding="UTF-8"?>
<!-- Generated by org.testng.reporters.JUnitReportReporter -->
<testsuite hostname="swathi" name="shopping.Echo" tests="2" failures="0" timestamp="10 Feb 2021 09:21:06 GMT" time="96.264" errors="0">
  <testcase name="login" time="71.242" classname="shopping.Echo"/>
  <testcase name="login" time="25.022" classname="shopping.Echo"/>
</testsuite> <!-- shopping.Echo -->
